{
  "RSpec": {
    "coverage": {
      "/home/tafarel/codes/polaris-web/spec/controllers/animais_controller_spec.rb": [
        1,
        null,
        1,
        null,
        null
      ],
      "/home/tafarel/codes/polaris-web/spec/rails_helper.rb": [
        null,
        1,
        1,
        1,
        1,
        1,
        null,
        null,
        null,
        null,
        null,
        null,
        null,
        null,
        1,
        null,
        null,
        null,
        1,
        null,
        1,
        null,
        1,
        null,
        null,
        null,
        null,
        1,
        null,
        null,
        null,
        null,
        null,
        null,
        null,
        null,
        null,
        null,
        null,
        null,
        null,
        null,
        1,
        null
      ],
      "/home/tafarel/codes/polaris-web/config/environment.rb": [
        null,
        1,
        null,
        null,
        1
      ],
      "/home/tafarel/codes/polaris-web/config/application.rb": [
        1,
        null,
        1,
        null,
        null,
        null,
        1,
        null,
        1,
        1,
        1,
        null,
        null,
        null,
        null,
        null,
        null,
        null,
        null,
        null,
        null,
        null,
        null,
        null
      ],
      "/home/tafarel/codes/polaris-web/config/boot.rb": [
        null,
        1,
        null,
        1
      ],
      "/home/tafarel/codes/polaris-web/config/environments/test.rb": [
        1,
        null,
        null,
        null,
        null,
        null,
        null,
        1,
        null,
        null,
        null,
        null,
        1,
        null,
        null,
        1,
        1,
        null,
        null,
        1,
        1,
        null,
        null,
        1,
        null,
        null,
        1,
        null,
        null,
        null,
        null,
        1,
        null,
        null,
        1,
        null,
        null,
        null,
        null
      ],
      "/home/tafarel/codes/polaris-web/config/initializers/backtrace_silencers.rb": [
        null,
        null,
        null,
        null,
        null,
        null,
        null
      ],
      "/home/tafarel/codes/polaris-web/config/initializers/cookies_serializer.rb": [
        null,
        null,
        1
      ],
      "/home/tafarel/codes/polaris-web/config/initializers/devise.rb": [
        null,
        null,
        1,
        null,
        null,
        null,
        null,
        null,
        null,
        null,
        null,
        null,
        1,
        null,
        null,
        null,
        null,
        null,
        null,
        null,
        null,
        1,
        null,
        null,
        null,
        null,
        null,
        null,
        null,
        null,
        null,
        null,
        null,
        null,
        null,
        null,
        null,
        null,
        null,
        null,
        null,
        null,
        null,
        1,
        null,
        null,
        null,
        null,
        1,
        null,
        null,
        null,
        null,
        null,
        null,
        null,
        null,
        null,
        null,
        null,
        null,
        null,
        null,
        null,
        null,
        null,
        null,
        null,
        null,
        null,
        null,
        null,
        null,
        null,
        null,
        null,
        null,
        null,
        null,
        1,
        null,
        null,
        null,
        null,
        null,
        null,
        null,
        null,
        null,
        null,
        null,
        null,
        null,
        null,
        null,
        null,
        1,
        null,
        null,
        null,
        null,
        null,
        null,
        null,
        null,
        null,
        null,
        null,
        null,
        null,
        null,
        null,
        null,
        null,
        null,
        null,
        null,
        null,
        null,
        null,
        null,
        1,
        null,
        null,
        null,
        null,
        null,
        null,
        null,
        null,
        null,
        null,
        null,
        null,
        null,
        null,
        null,
        null,
        null,
        1,
        null,
        null,
        null,
        null,
        null,
        null,
        null,
        null,
        null,
        null,
        null,
        null,
        null,
        null,
        null,
        null,
        null,
        null,
        null,
        null,
        null,
        null,
        null,
        null,
        null,
        null,
        null,
        null,
        null,
        null,
        null,
        null,
        null,
        null,
        null,
        null,
        null,
        null,
        null,
        null,
        null,
        null,
        null,
        null,
        null,
        null,
        null,
        null,
        1,
        null,
        null,
        null,
        null,
        null,
        null,
        null,
        null,
        null,
        null,
        null,
        null,
        null,
        null,
        null,
        null,
        null,
        null,
        null,
        null,
        null,
        null,
        null,
        null,
        null,
        null,
        null,
        null,
        null,
        null,
        null,
        null,
        null,
        null,
        null,
        null,
        null,
        1,
        null,
        null,
        null,
        null,
        null,
        null,
        null,
        null,
        null,
        null,
        null,
        null,
        null,
        null,
        null,
        null,
        null,
        null,
        null,
        null,
        null,
        null,
        null,
        null,
        null,
        null,
        null,
        null,
        1,
        null
      ],
      "/home/tafarel/codes/polaris-web/config/initializers/filter_parameter_logging.rb": [
        null,
        null,
        null,
        1
      ],
      "/home/tafarel/codes/polaris-web/config/initializers/inflections.rb": [
        null,
        null,
        null,
        null,
        null,
        1,
        null,
        null,
        null,
        1,
        1,
        1,
        1,
        1,
        1,
        1,
        1,
        1,
        1,
        null,
        null,
        null,
        null,
        null,
        null,
        null
      ],
      "/home/tafarel/codes/polaris-web/config/initializers/mime_types.rb": [
        null,
        null,
        null,
        null
      ],
      "/home/tafarel/codes/polaris-web/config/initializers/rails_admin.rb": [
        1,
        null,
        null,
        null,
        null,
        null,
        null,
        null,
        null,
        null,
        null,
        null,
        null,
        null,
        null,
        null,
        null,
        null,
        null,
        null,
        1,
        1,
        1,
        1,
        null,
        1,
        1,
        1,
        1,
        1,
        null,
        null,
        null,
        null,
        null,
        null,
        null,
        null,
        null
      ],
      "/home/tafarel/codes/polaris-web/config/initializers/session_store.rb": [
        null,
        null,
        1
      ],
      "/home/tafarel/codes/polaris-web/config/initializers/wrap_parameters.rb": [
        null,
        null,
        null,
        null,
        null,
        null,
        1,
        1,
        null,
        null,
        null,
        null,
        null,
        null
      ],
      "/home/tafarel/codes/polaris-web/config/routes.rb": [
        1,
        null,
        1,
        null,
        1,
        null,
        1,
        null,
        1,
        null,
        1,
        null,
        1,
        null,
        1,
        1,
        null,
        1,
        null,
        1,
        null,
        1,
        null,
        1,
        null,
        1,
        null,
        1,
        null,
        1,
        null,
        1,
        null,
        1,
        null,
        1,
        null,
        1,
        null,
        1,
        null,
        1,
        null,
        1,
        null,
        1,
        null,
        1,
        null,
        1,
        null,
        1,
        null,
        1,
        null,
        1,
        null,
        null,
        null,
        null,
        null,
        null,
        null,
        null,
        null,
        null,
        null,
        null,
        null,
        null,
        null,
        null,
        null,
        null,
        null,
        null,
        null,
        null,
        null,
        null,
        null,
        null,
        null,
        null,
        null,
        null,
        null,
        null,
        null,
        null,
        null,
        null,
        null,
        null,
        null,
        null,
        null,
        null,
        null,
        null,
        null,
        null,
        null,
        null,
        null,
        null,
        null,
        null,
        null,
        null,
        null
      ],
      "/home/tafarel/codes/polaris-web/app/models/usuario.rb": [
        1,
        null,
        null,
        1,
        null,
        1,
        0,
        null,
        null,
        1,
        0,
        null,
        null,
        1,
        0,
        0,
        0,
        null,
        0,
        null,
        null,
        null
      ],
      "/home/tafarel/codes/polaris-web/app/helpers/alimentos_helper.rb": [
        1,
        null
      ],
      "/home/tafarel/codes/polaris-web/app/helpers/animais_helper.rb": [
        1,
        null
      ],
      "/home/tafarel/codes/polaris-web/app/helpers/animals_helper.rb": [
        1,
        null
      ],
      "/home/tafarel/codes/polaris-web/app/helpers/application_helper.rb": [
        1,
        null
      ],
      "/home/tafarel/codes/polaris-web/app/helpers/ciclos_helper.rb": [
        1,
        null
      ],
      "/home/tafarel/codes/polaris-web/app/helpers/cios_helper.rb": [
        1,
        null
      ],
      "/home/tafarel/codes/polaris-web/app/helpers/classificacoes_helper.rb": [
        1,
        null
      ],
      "/home/tafarel/codes/polaris-web/app/helpers/coberturas_helper.rb": [
        1,
        null
      ],
      "/home/tafarel/codes/polaris-web/app/helpers/dieta_helper.rb": [
        1,
        null
      ],
      "/home/tafarel/codes/polaris-web/app/helpers/dietas_helper.rb": [
        1,
        null
      ],
      "/home/tafarel/codes/polaris-web/app/helpers/doencas_helper.rb": [
        1,
        null
      ],
      "/home/tafarel/codes/polaris-web/app/helpers/exames_helper.rb": [
        1,
        null
      ],
      "/home/tafarel/codes/polaris-web/app/helpers/imagens_helper.rb": [
        1,
        null
      ],
      "/home/tafarel/codes/polaris-web/app/helpers/medicamentos_helper.rb": [
        1,
        null
      ],
      "/home/tafarel/codes/polaris-web/app/helpers/ordenhas_helper.rb": [
        1,
        null
      ],
      "/home/tafarel/codes/polaris-web/app/helpers/pages_helper.rb": [
        1,
        null
      ],
      "/home/tafarel/codes/polaris-web/app/helpers/pesagens_helper.rb": [
        1,
        null
      ],
      "/home/tafarel/codes/polaris-web/app/helpers/propriedades_helper.rb": [
        1,
        null
      ],
      "/home/tafarel/codes/polaris-web/app/helpers/proprietarios_helper.rb": [
        1,
        null
      ],
      "/home/tafarel/codes/polaris-web/app/helpers/racas_helper.rb": [
        1,
        null
      ],
      "/home/tafarel/codes/polaris-web/app/helpers/tipo_exames_helper.rb": [
        1,
        null
      ],
      "/home/tafarel/codes/polaris-web/app/helpers/tipo_medicamentos_helper.rb": [
        1,
        null
      ],
      "/home/tafarel/codes/polaris-web/app/helpers/tipo_vacinas_helper.rb": [
        1,
        null
      ],
      "/home/tafarel/codes/polaris-web/app/helpers/vacinas_helper.rb": [
        1,
        null
      ],
      "/home/tafarel/codes/polaris-web/app/controllers/animais_controller.rb": [
        1,
        1,
        null,
        null,
        null,
        1,
        0,
        null,
        null,
        null,
        null,
        1,
        0,
        0,
        0,
        null,
        null,
        null,
        1,
        0,
        null,
        null,
        null,
        1,
        null,
        null,
        null,
        null,
        1,
        0,
        0,
        0,
        0,
        0,
        null,
        0,
        0,
        null,
        null,
        null,
        null,
        null,
        null,
        1,
        0,
        0,
        0,
        0,
        null,
        0,
        0,
        null,
        null,
        null,
        null,
        null,
        null,
        1,
        0,
        0,
        0,
        0,
        null,
        null,
        null,
        1,
        null,
        1,
        0,
        null,
        null,
        null,
        1,
        0,
        null,
        null
      ],
      "/home/tafarel/codes/polaris-web/app/controllers/application_controller.rb": [
        1,
        null,
        null,
        1,
        1,
        null,
        1,
        1,
        0,
        0,
        0,
        null,
        null
      ],
      "/home/tafarel/codes/polaris-web/spec/models/animal_spec.rb": [
        1,
        null,
        1,
        2,
        2,
        2,
        2,
        2,
        2,
        2,
        2,
        2,
        2,
        2,
        2,
        2,
        2,
        2,
        2,
        null
      ],
      "/home/tafarel/codes/polaris-web/app/models/animal.rb": [
        1,
        1,
        1,
        null,
        1,
        1,
        1,
        1,
        1,
        1,
        null,
        1,
        1,
        1,
        null,
        1,
        null,
        1,
        1,
        1,
        1,
        null,
        1,
        0,
        null,
        null,
        null
      ],
      "/home/tafarel/codes/polaris-web/spec/models/pesagem_spec.rb": [
        1,
        null,
        1,
        2,
        2,
        2,
        2,
        null
      ],
      "/home/tafarel/codes/polaris-web/app/models/pesagem.rb": [
        1,
        1,
        1,
        1,
        1,
        null
      ],
      "/home/tafarel/codes/polaris-web/spec/models/vacina_spec.rb": [
        1,
        null,
        1,
        2,
        2,
        2,
        2,
        2,
        2,
        2,
        null
      ],
      "/home/tafarel/codes/polaris-web/app/models/vacina.rb": [
        1,
        1,
        1,
        1,
        null,
        1,
        1,
        1,
        1,
        null,
        1,
        null,
        null
      ],
      "/home/tafarel/codes/polaris-web/app/models/raca.rb": [
        1,
        1,
        null,
        2,
        null,
        1,
        1,
        null
      ],
      "/home/tafarel/codes/polaris-web/app/models/classificacao.rb": [
        1,
        1,
        null,
        2,
        null,
        1,
        1,
        null
      ],
      "/home/tafarel/codes/polaris-web/app/models/exame.rb": [
        1,
        1,
        1,
        1,
        null,
        1,
        null,
        1,
        null
      ],
      "/home/tafarel/codes/polaris-web/app/models/ordenha.rb": [
        1,
        1,
        null,
        1,
        null
      ],
      "/home/tafarel/codes/polaris-web/app/models/cio.rb": [
        1,
        1,
        null
      ],
      "/home/tafarel/codes/polaris-web/app/models/cobertura.rb": [
        1,
        1,
        1,
        null,
        1,
        null
      ],
      "/home/tafarel/codes/polaris-web/app/models/animal_dieta.rb": [
        1,
        1,
        1,
        null
      ],
      "/home/tafarel/codes/polaris-web/app/models/dieta.rb": [
        1,
        1,
        1,
        1,
        1,
        null
      ],
      "/home/tafarel/codes/polaris-web/app/models/doenca.rb": [
        1,
        1,
        1,
        null
      ],
      "/home/tafarel/codes/polaris-web/app/models/tipo_vacina.rb": [
        1,
        1,
        null,
        1,
        1,
        null
      ],
      "/home/tafarel/codes/polaris-web/app/models/medicamento.rb": [
        1,
        1,
        1,
        null,
        1,
        1,
        null,
        1,
        0,
        null,
        null
      ]
    },
    "timestamp": 1407200740
  }
}
